0 info it worked if it ends with ok
1 verbose cli [ '/Users/David/.nvm/versions/node/v0.12.3/bin/node',
1 verbose cli   '/Users/David/.nvm/versions/node/v0.12.3/bin/npm',
1 verbose cli   'install',
1 verbose cli   'browserify',
1 verbose cli   '--save' ]
2 info using npm@2.9.1
3 info using node@v0.12.3
4 verbose install initial load of /Users/David/wdi/code_challenge/Sendence-React/package.json
5 verbose stack Error: Failed to parse json
5 verbose stack Trailing comma in object at 9:3
5 verbose stack   },
5 verbose stack   ^
5 verbose stack     at parseError (/Users/David/.nvm/versions/node/v0.12.3/lib/node_modules/npm/node_modules/read-package-json/read-json.js:379:11)
5 verbose stack     at parseJson (/Users/David/.nvm/versions/node/v0.12.3/lib/node_modules/npm/node_modules/read-package-json/read-json.js:68:23)
5 verbose stack     at /Users/David/.nvm/versions/node/v0.12.3/lib/node_modules/npm/node_modules/read-package-json/read-json.js:48:5
5 verbose stack     at evalmachine.<anonymous>:334:14
5 verbose stack     at /Users/David/.nvm/versions/node/v0.12.3/lib/node_modules/npm/node_modules/graceful-fs/graceful-fs.js:102:5
5 verbose stack     at FSReqWrap.oncomplete (evalmachine.<anonymous>:95:15)
6 verbose cwd /Users/David/wdi/code_challenge/Sendence-React
7 error Darwin 14.4.0
8 error argv "/Users/David/.nvm/versions/node/v0.12.3/bin/node" "/Users/David/.nvm/versions/node/v0.12.3/bin/npm" "install" "browserify" "--save"
9 error node v0.12.3
10 error npm  v2.9.1
11 error file /Users/David/wdi/code_challenge/Sendence-React/package.json
12 error code EJSONPARSE
13 error Failed to parse json
13 error Trailing comma in object at 9:3
13 error   },
13 error   ^
14 error File: /Users/David/wdi/code_challenge/Sendence-React/package.json
15 error Failed to parse package.json data.
15 error package.json must be actual JSON, not just JavaScript.
15 error
15 error This is not a bug in npm.
15 error Tell the package author to fix their package.json file. JSON.parse
16 verbose exit [ 1, true ]
